Finishedtest1test -passed.
2020-09-05 at 17:14:02 CEST Finished test1 test -passed.
2020-09-05 at 17:14:52 CEST Finished test1 - passed.
2020-09-05 at 17:15:58 CEST Finished test1 - passed.
2020-09-05 at 17:16:37 CEST Finished test1 - passed.
2020-09-05 at 17:16:56 CEST Finished test1 - passed.
2020-09-05 at 18:37:36 CEST Finished test1 - FAILED
   org.openqa.selenium.TimeoutException: Expected condition failed: waiting for visibility of element located by By.xpath:  (tried for 15 second(s) with 500 milliseconds interval)
   org.openqa.selenium.support.ui.WebDriverWait.timeoutException(WebDriverWait.java:95)
   org.openqa.selenium.support.ui.FluentWait.until(FluentWait.java:272)
   pages.Base.waitUntilElementVisible(Base.java:20)
   pages.Base.isElementPresent(Base.java:88)
   pages.MainPage.sliderImageCheck(MainPage.java:29)
   desktopTests.test.test1(test.java:13)
   sun.reflect.NativeMethodAccessorImpl.invoke0(Native Method)
   sun.reflect.NativeMethodAccessorImpl.invoke(NativeMethodAccessorImpl.java:62)
   sun.reflect.DelegatingMethodAccessorImpl.invoke(DelegatingMethodAccessorImpl.java:43)
   java.lang.reflect.Method.invoke(Method.java:498)
   org.testng.internal.MethodInvocationHelper.invokeMethod(MethodInvocationHelper.java:134)
   org.testng.internal.TestInvoker.invokeMethod(TestInvoker.java:597)
   org.testng.internal.TestInvoker.invokeTestMethod(TestInvoker.java:173)
   org.testng.internal.MethodRunner.runInSequence(MethodRunner.java:46)
   org.testng.internal.TestInvoker$MethodInvocationAgent.invoke(TestInvoker.java:816)
   org.testng.internal.TestInvoker.invokeTestMethods(TestInvoker.java:146)
   org.testng.internal.TestMethodWorker.invokeTestMethods(TestMethodWorker.java:146)
   org.testng.internal.TestMethodWorker.run(TestMethodWorker.java:128)
   java.util.ArrayList.forEach(ArrayList.java:1249)
   org.testng.TestRunner.privateRun(TestRunner.java:766)
   org.testng.TestRunner.run(TestRunner.java:587)
   org.testng.SuiteRunner.runTest(SuiteRunner.java:384)
   org.testng.SuiteRunner.runSequentially(SuiteRunner.java:378)
   org.testng.SuiteRunner.privateRun(SuiteRunner.java:337)
   org.testng.SuiteRunner.run(SuiteRunner.java:286)
   org.testng.SuiteRunnerWorker.runSuite(SuiteRunnerWorker.java:53)
   org.testng.SuiteRunnerWorker.run(SuiteRunnerWorker.java:96)
   org.testng.TestNG.runSuitesSequentially(TestNG.java:1187)
   org.testng.TestNG.runSuitesLocally(TestNG.java:1109)
   org.testng.TestNG.runSuites(TestNG.java:1039)
   org.testng.TestNG.run(TestNG.java:1007)
   org.testng.IDEARemoteTestNG.run(IDEARemoteTestNG.java:72)
   org.testng.RemoteTestNGStarter.main(RemoteTestNGStarter.java:123)
2020-09-05 at 18:38:41 CEST Finished test1 - passed.
2020-09-05 at 18:47:30 CEST Finished test1 - passed.
2020-09-05 at 18:54:36 CEST Finished test1 - passed.
2020-09-05 at 19:14:18 CEST Finished test1 - passed.
2020-09-05 at 19:15:12 CEST Finished test2 - passed.
2020-09-05 at 19:18:00 CEST Finished test2 - passed.
2020-09-05 at 19:25:23 CEST Finished test2 - passed.
2020-09-05 at 19:27:05 CEST Finished test2 - passed.
2020-09-05 at 19:28:25 CEST Finished test2 - passed.
2020-09-05 at 19:30:21 CEST Finished test2 - passed.
2020-09-05 at 19:31:47 CEST Finished test2 - passed.
2020-09-05 at 19:32:28 CEST Finished test2 - passed.
2020-09-05 at 19:33:06 CEST Finished test2 - passed.
2020-09-05 at 19:38:03 CEST Finished test2 - passed.
2020-09-05 at 20:11:21 CEST Finished test2 - passed.
2020-09-05 at 20:12:45 CEST Finished test2 - passed.
2020-09-05 at 20:17:23 CEST Finished test2 - passed.
2020-09-05 at 21:17:19 CEST Finished test3 - passed.
2020-09-05 at 21:18:31 CEST Finished test3 - passed.
2020-09-05 at 21:18:45 CEST Finished test3 - passed.
2020-09-05 at 21:18:56 CEST Finished test3 - passed.
2020-09-05 at 21:19:08 CEST Finished test3 - passed.
2020-09-05 at 21:19:19 CEST Finished test3 - passed.
2020-09-05 at 21:20:04 CEST Finished test3 - passed.
2020-09-05 at 21:20:19 CEST Finished test3 - passed.
2020-09-05 at 21:20:30 CEST Finished test3 - passed.
2020-09-05 at 21:20:41 CEST Finished test3 - passed.
2020-09-05 at 21:20:54 CEST Finished test3 - passed.
2020-09-05 at 21:38:55 CEST Finished test4 - passed.
2020-09-05 at 21:39:06 CEST Finished test4 - passed.
2020-09-05 at 21:39:16 CEST Finished test4 - passed.
2020-09-05 at 21:39:26 CEST Finished test4 - FAILED
   org.openqa.selenium.ElementClickInterceptedException: element click intercepted: Element <a class="text__button button--variant1" href="/en-us/solutions/solution-overview/omada-essential">...</a> is not clickable at point (715, 904). Other element would receive the click: <div class="cookiebar__text">...</div>
  (Session info: chrome=85.0.4183.83)
Build info: version: '3.141.59', revision: 'e82be7d358', time: '2018-11-14T08:17:03'
System info: host: 'DESKTOP-7SM4FB4', ip: '169.254.123.130', os.name: 'Windows 10', os.arch: 'amd64', os.version: '10.0', java.version: '1.8.0_131'
Driver info: org.openqa.selenium.chrome.ChromeDriver
Capabilities {acceptInsecureCerts: false, browserName: chrome, browserVersion: 85.0.4183.83, chrome: {chromedriverVersion: 85.0.4183.87 (cd6713ebf92fa..., userDataDir: C:\Users\zygmunt\AppData\Lo...}, goog:chromeOptions: {debuggerAddress: localhost:49773}, javascriptEnabled: true, networkConnectionEnabled: false, pageLoadStrategy: normal, platform: WINDOWS, platformName: WINDOWS, proxy: Proxy(), setWindowRect: true, strictFileInteractability: false, timeouts: {implicit: 0, pageLoad: 300000, script: 30000}, unhandledPromptBehavior: dismiss and notify, webauthn:virtualAuthenticators: true}
Session ID: aea086572705a5921b2e6bcb549cec01
   sun.reflect.NativeConstructorAccessorImpl.newInstance0(Native Method)
   sun.reflect.NativeConstructorAccessorImpl.newInstance(NativeConstructorAccessorImpl.java:62)
   sun.reflect.DelegatingConstructorAccessorImpl.newInstance(DelegatingConstructorAccessorImpl.java:45)
   java.lang.reflect.Constructor.newInstance(Constructor.java:423)
   org.openqa.selenium.remote.http.W3CHttpResponseCodec.createException(W3CHttpResponseCodec.java:187)
   org.openqa.selenium.remote.http.W3CHttpResponseCodec.decode(W3CHttpResponseCodec.java:122)
   org.openqa.selenium.remote.http.W3CHttpResponseCodec.decode(W3CHttpResponseCodec.java:49)
   org.openqa.selenium.remote.HttpCommandExecutor.execute(HttpCommandExecutor.java:158)
   org.openqa.selenium.remote.service.DriverCommandExecutor.execute(DriverCommandExecutor.java:83)
   org.openqa.selenium.remote.RemoteWebDriver.execute(RemoteWebDriver.java:552)
   org.openqa.selenium.remote.RemoteWebElement.execute(RemoteWebElement.java:285)
   org.openqa.selenium.remote.RemoteWebElement.click(RemoteWebElement.java:84)
   clickOmagaEssentialButton(Solutions.java:23)
   desktopTests.test.test4(test.java:66)
   sun.reflect.NativeMethodAccessorImpl.invoke0(Native Method)
   sun.reflect.NativeMethodAccessorImpl.invoke(NativeMethodAccessorImpl.java:62)
   sun.reflect.DelegatingMethodAccessorImpl.invoke(DelegatingMethodAccessorImpl.java:43)
   java.lang.reflect.Method.invoke(Method.java:498)
   org.testng.internal.MethodInvocationHelper.invokeMethod(MethodInvocationHelper.java:134)
   org.testng.internal.TestInvoker.invokeMethod(TestInvoker.java:597)
   org.testng.internal.TestInvoker.retryFailed(TestInvoker.java:213)
   org.testng.internal.MethodRunner.runInSequence(MethodRunner.java:58)
   org.testng.internal.TestInvoker$MethodInvocationAgent.invoke(TestInvoker.java:816)
   org.testng.internal.TestInvoker.invokeTestMethods(TestInvoker.java:146)
   org.testng.internal.TestMethodWorker.invokeTestMethods(TestMethodWorker.java:146)
   org.testng.internal.TestMethodWorker.run(TestMethodWorker.java:128)
   java.util.ArrayList.forEach(ArrayList.java:1249)
   org.testng.TestRunner.privateRun(TestRunner.java:766)
   org.testng.TestRunner.run(TestRunner.java:587)
   org.testng.SuiteRunner.runTest(SuiteRunner.java:384)
   org.testng.SuiteRunner.runSequentially(SuiteRunner.java:378)
   org.testng.SuiteRunner.privateRun(SuiteRunner.java:337)
   org.testng.SuiteRunner.run(SuiteRunner.java:286)
   org.testng.SuiteRunnerWorker.runSuite(SuiteRunnerWorker.java:53)
   org.testng.SuiteRunnerWorker.run(SuiteRunnerWorker.java:96)
   org.testng.TestNG.runSuitesSequentially(TestNG.java:1187)
   org.testng.TestNG.runSuitesLocally(TestNG.java:1109)
   org.testng.TestNG.runSuites(TestNG.java:1039)
   org.testng.TestNG.run(TestNG.java:1007)
   org.testng.IDEARemoteTestNG.run(IDEARemoteTestNG.java:72)
   org.testng.RemoteTestNGStarter.main(RemoteTestNGStarter.java:123)
2020-09-05 at 21:42:00 CEST Finished test4 - passed.
2020-09-05 at 21:42:10 CEST Finished test4 - passed.
2020-09-05 at 21:42:21 CEST Finished test4 - passed.
2020-09-05 at 21:42:55 CEST Finished test4 - passed.
2020-09-05 at 21:43:06 CEST Finished test4 - passed.
2020-09-05 at 21:43:16 CEST Finished test4 - passed.
2020-09-05 at 21:43:28 CEST Finished test4 - passed.
2020-09-05 at 21:45:30 CEST Finished test4 - passed.
